Arguments: 
  /home/user/.nvm/versions/node/v16.15.0/bin/node /home/user/.nvm/versions/node/v16.15.0/bin/yarn

PATH: 
  /home/user/.nvm/versions/node/v16.15.0/bin:/home/user/.cargo/bin:/usr/local/sbin:/usr/local/bin:/usr/sbin:/usr/bin:/sbin:/bin:/usr/games:/usr/local/games:/snap/bin:/snap/bin

Yarn version: 
  1.22.18

Node version: 
  16.15.0

Platform: 
  linux x64

Trace: 
  Error: https://registry.npmjs.org/@sutysisku%2frenderer: Not found
      at Request.params.callback [as _callback] (/home/user/.nvm/versions/node/v16.15.0/lib/node_modules/yarn/lib/cli.js:66138:18)
      at Request.self.callback (/home/user/.nvm/versions/node/v16.15.0/lib/node_modules/yarn/lib/cli.js:140883:22)
      at Request.emit (node:events:527:28)
      at Request.<anonymous> (/home/user/.nvm/versions/node/v16.15.0/lib/node_modules/yarn/lib/cli.js:141855:10)
      at Request.emit (node:events:527:28)
      at IncomingMessage.<anonymous> (/home/user/.nvm/versions/node/v16.15.0/lib/node_modules/yarn/lib/cli.js:141777:12)
      at Object.onceWrapper (node:events:641:28)
      at IncomingMessage.emit (node:events:539:35)
      at endReadableNT (node:internal/streams/readable:1345:12)
      at processTicksAndRejections (node:internal/process/task_queues:83:21)

npm manifest: 
  {
    "author": "lagleki <gleki.is.my.name@gmail.com>",
    "name": "webpack-typescript-rust-boilerplate",
    "version": "1.0.11",
    "description": "Starter project template boilerplate based on Webpack with Rust, Typescript, SASS/PostCSS and babel ES6/7 support.",
    "homepage": "https://github.com/lagleki/webpack-typescript-rust-boilerplate#readme",
    "bugs": {
      "url": "https://github.com/lagleki/webpack-typescript-rust-boilerplate/issues",
      "email": "gleki.is.my.name@gmail.com"
    },
    "contributors": [
      {
        "name": "Gleki",
        "email": "gleki.is.my.name@gmail.com"
      }
    ],
    "scripts": {
      "prepublish": "npm version patch",
      "ci": "yarn install --immutable  --immutable-cache --check-cache",
      "build": "rimraf dist/*.html ; webpack --config configuration/webpack.dev.config.js --mode=development",
      "watch": "webpack --config configuration/webpack.dev.config.js --mode=development --watch",
      "bundle": "npm install && npm run watch",
      "dev": "rimraf dist pkg && webpack serve --config configuration/webpack.dev.config.js --mode=development",
      "production": "webpack --config configuration/webpack.prod.config.js --mode=production",
      "lint:sass": "sass-lint -v -q",
      "lint:js": "eslint --ext .js src/js/",
      "stats": "webpack --config configuration/webpack.prod.config.js --mode=production --json > dist/stats.json && webpack-bundle-analyzer dist/stats.json"
    },
    "devDependencies": {
      "@babel/core": "^7.18.5",
      "@babel/plugin-transform-react-jsx": "^7.17.12",
      "@babel/preset-env": "^7.18.2",
      "@prerenderer/renderer-jsdom": "^0.2.0",
      "@prerenderer/renderer-puppeteer": "^0.2.0",
      "@wasm-tool/wasm-pack-plugin": "^1.6.0",
      "autoprefixer": "^10.4.7",
      "babel-loader": "^8.2.5",
      "clean-webpack-plugin": "^4.0.0",
      "copy-webpack-plugin": "^11.0.0",
      "css-loader": "^6.7.1",
      "css-minimizer-webpack-plugin": "^4.0.0",
      "eslint": "^8.18.0",
      "eslint-config-airbnb": "^19.0.4",
      "eslint-plugin-import": "^2.26.0",
      "html-webpack-plugin": "^5.5.0",
      "image-minimizer-webpack-plugin": "^3.2.3",
      "imagemin": "^8.0.1",
      "imagemin-gifsicle": "^7.0.0",
      "imagemin-jpegtran": "^7.0.0",
      "imagemin-optipng": "^8.0.0",
      "imagemin-svgo": "^10.0.1",
      "mini-css-extract-plugin": "^2.6.1",
      "postcss": "^8.4.14",
      "postcss-loader": "^7.0.0",
      "preact": "^10.8.1",
      "prerender-spa-plugin-next": "4.2.0",
      "rimraf": "^3.0.2",
      "sass": "^1.52.3",
      "sass-lint": "^1.13.1",
      "sass-loader": "^13.0.0",
      "terser-webpack-plugin": "^5.3.3",
      "ts-loader": "^9.3.0",
      "typescript": "^4.7.4",
      "webpack": "^5.73.0",
      "webpack-bundle-analyzer": "^4.5.0",
      "webpack-cli": "^4.10.0",
      "webpack-dev-server": "^4.9.2",
      "webpack-merge": "^5.8.0"
    },
    "engines": {
      "node": "^12 || >=14"
    },
    "keywords": [
      "webpack",
      "boilerplate",
      "template",
      "setup",
      "typescript",
      "rust",
      "wasm-bindgen",
      "wasm"
    ],
    "license": "MIT",
    "private": false,
    "repository": {
      "type": "git",
      "url": "git@github.com:lagleki/webpack-typescript-rust-boilerplate.git"
    },
    "target": "web",
    "browserslist": [
      "last 2 versions",
      "> 5%"
    ],
    "dependencies": {
      "@sutysisku/renderer": "git@github.com:La-Lojban/sutysisku-renderer.git"
    }
  }

yarn manifest: 
  No manifest

Lockfile: 
  No lockfile
